<?xml version="1.0" encoding="UTF-8"?>
<!-- Generated by org.testng.reporters.JUnitReportReporter -->
<testsuite hostname="DESKTOP-D5OBL1K" failures="0" tests="2" name="sdet.training.ibiboFlightBookingTest" time="115.310" errors="0" timestamp="2022-07-25T09:29:46 IST" skipped="0">
  <testcase classname="sdet.training.ibiboFlightBookingTest" name="onewayTest" time="57.731"/>
  <system-out/>
  <testcase classname="sdet.training.ibiboFlightBookingTest" name="roundtripTest" time="57.579"/>
  <system-out/>
</testsuite> <!-- sdet.training.ibiboFlightBookingTest -->
